[2m2024-12-25T17:41:11.380538Z[0m [32m INFO[0m [2mclient[0m[2m:[0m Setting up stdio transport...
[2m2024-12-25T17:41:11.380781Z[0m [32m INFO[0m [2mclient[0m[2m:[0m Initializing client...
[2m2024-12-25T17:41:11.380945Z[0m [34mDEBUG[0m [2mmcp_rs::protocol[0m[2m:[0m Received close signal
[2m2024-12-25T17:41:11.381012Z[0m [34mDEBUG[0m [2mmcp_rs::protocol[0m[2m:[0m Protocol message loop terminated
[2m2024-12-25T17:41:16.382734Z[0m [31mERROR[0m [2mclient[0m[2m:[0m Initialize request timed out
2024-12-25T17:42:44.760865Z  INFO Setting up stdio transport...
2024-12-25T17:42:44.761090Z  INFO Initializing client...
2024-12-25T17:42:44.761535Z DEBUG Received close signal
2024-12-25T17:42:44.761586Z DEBUG Protocol message loop terminated
2024-12-25T17:42:44.762329Z ERROR Write error: Os { code: 32, kind: BrokenPipe, message: "Broken pipe" }
2024-12-25T17:42:49.763069Z ERROR Initialize request timed out
2024-12-25T17:46:23.866118Z  INFO Setting up stdio transport...
2024-12-25T17:46:23.868631Z  INFO Initializing client...
2024-12-25T17:46:23.868878Z DEBUG Received close signal
2024-12-25T17:46:23.868929Z DEBUG Protocol message loop terminated
2024-12-25T17:46:28.870168Z ERROR Initialize request timed out
2024-12-25T17:47:44.058395Z  INFO Setting up stdio transport...
2024-12-25T17:47:44.061745Z  INFO Initializing client...
2024-12-25T17:47:44.062080Z DEBUG Received close signal
2024-12-25T17:47:44.062146Z DEBUG Protocol message loop terminated
2024-12-25T17:47:49.063442Z ERROR Initialize request timed out
